<?xml version="1.0" encoding="UTF-8"?>
<testsuite xmlns:xsi="http://www.w3.org/2001/XMLSchema-instance" xsi:noNamespaceSchemaLocation="https://maven.apache.org/surefire/maven-surefire-plugin/xsd/surefire-test-report-3.0.xsd" version="3.0" name="org.quarkus.business.service.impl.UserImplTest" time="1.32" tests="3" errors="0" skipped="0" failures="0">
  <properties>
    <property name="java.specification.version" value="17"/>
    <property name="sun.cpu.isalist" value="amd64"/>
    <property name="sun.jnu.encoding" value="Cp1252"/>
    <property name="java.class.path" value="E:\ecommerce-store\apis\store-backend-user\target\test-classes;E:\ecommerce-store\apis\store-backend-user\target\classes;C:\Users\George\.m2\repository\io\quarkus\quarkus-junit5-mockito\3.9.3\quarkus-junit5-mockito-3.9.3.jar;C:\Users\George\.m2\repository\org\mockito\mockito-junit-jupiter\5.11.0\mockito-junit-jupiter-5.11.0.jar;C:\Users\George\.m2\repository\org\mockito\mockito-core\5.11.0\mockito-core-5.11.0.jar;C:\Users\George\.m2\repository\net\bytebuddy\byte-buddy\1.14.11\byte-buddy-1.14.11.jar;C:\Users\George\.m2\repository\net\bytebuddy\byte-buddy-agent\1.14.12\byte-buddy-agent-1.14.12.jar;C:\Users\George\.m2\repository\org\objenesis\objenesis\3.3\objenesis-3.3.jar;C:\Users\George\.m2\repository\org\junit\jupiter\junit-jupiter-api\5.10.2\junit-jupiter-api-5.10.2.jar;C:\Users\George\.m2\repository\org\opentest4j\opentest4j\1.3.0\opentest4j-1.3.0.jar;C:\Users\George\.m2\repository\org\junit\platform\junit-platform-commons\1.10.2\junit-platform-commons-1.10.2.jar;C:\Users\George\.m2\repository\org\apiguardian\apiguardian-api\1.1.2\apiguardian-api-1.1.2.jar;C:\Users\George\.m2\repository\io\quarkus\quarkus-junit5-mockito-config\3.9.3\quarkus-junit5-mockito-config-3.9.3.jar;C:\Users\George\.m2\repository\io\quarkus\quarkus-arc-deployment\3.9.3\quarkus-arc-deployment-3.9.3.jar;C:\Users\George\.m2\repository\io\quarkus\quarkus-core-deployment\3.9.3\quarkus-core-deployment-3.9.3.jar;C:\Users\George\.m2\repository\org\aesh\readline\2.4\readline-2.4.jar;C:\Users\George\.m2\repository\org\fusesource\jansi\jansi\2.4.0\jansi-2.4.0.jar;C:\Users\George\.m2\repository\org\aesh\aesh\2.7\aesh-2.7.jar;C:\Users\George\.m2\repository\io\quarkus\gizmo\gizmo\1.8.0\gizmo-1.8.0.jar;C:\Users\George\.m2\repository\org\ow2\asm\asm-util\9.6\asm-util-9.6.jar;C:\Users\George\.m2\repository\org\ow2\asm\asm-analysis\9.6\asm-analysis-9.6.jar;C:\Users\George\.m2\repository\org\ow2\asm\asm\9.6\asm-9.6.jar;C:\Users\George\.m2\repository\org\ow2\asm\asm-commons\9.6\asm-commons-9.6.jar;C:\Users\George\.m2\repository\org\ow2\asm\asm-tree\9.6\asm-tree-9.6.jar;C:\Users\George\.m2\repository\io\quarkus\quarkus-class-change-agent\3.9.3\quarkus-class-change-agent-3.9.3.jar;C:\Users\George\.m2\repository\io\quarkus\quarkus-devtools-utilities\3.9.3\quarkus-devtools-utilities-3.9.3.jar;C:\Users\George\.m2\repository\io\quarkus\quarkus-builder\3.9.3\quarkus-builder-3.9.3.jar;C:\Users\George\.m2\repository\org\graalvm\sdk\nativeimage\23.1.2\nativeimage-23.1.2.jar;C:\Users\George\.m2\repository\org\graalvm\sdk\word\23.1.2\word-23.1.2.jar;C:\Users\George\.m2\repository\org\junit\platform\junit-platform-launcher\1.10.2\junit-platform-launcher-1.10.2.jar;C:\Users\George\.m2\repository\io\quarkus\quarkus-smallrye-context-propagation-spi\3.9.3\quarkus-smallrye-context-propagation-spi-3.9.3.jar;C:\Users\George\.m2\repository\io\quarkus\quarkus-vertx-http-dev-ui-spi\3.9.3\quarkus-vertx-http-dev-ui-spi-3.9.3.jar;C:\Users\George\.m2\repository\io\quarkus\arc\arc-processor\3.9.3\arc-processor-3.9.3.jar;C:\Users\George\.m2\repository\io\quarkus\quarkus-arc-test-supplement\3.9.3\quarkus-arc-test-supplement-3.9.3.jar;C:\Users\George\.m2\repository\org\mockito\mockito-subclass\5.11.0\mockito-subclass-5.11.0.jar;C:\Users\George\.m2\repository\io\quarkus\quarkus-mutiny\3.9.3\quarkus-mutiny-3.9.3.jar;C:\Users\George\.m2\repository\io\smallrye\reactive\mutiny\2.5.8\mutiny-2.5.8.jar;C:\Users\George\.m2\repository\io\smallrye\common\smallrye-common-annotation\2.3.0\smallrye-common-annotation-2.3.0.jar;C:\Users\George\.m2\repository\io\quarkus\quarkus-smallrye-context-propagation\3.9.3\quarkus-smallrye-context-propagation-3.9.3.jar;C:\Users\George\.m2\repository\io\smallrye\smallrye-context-propagation\2.1.0\smallrye-context-propagation-2.1.0.jar;C:\Users\George\.m2\repository\io\smallrye\smallrye-context-propagation-api\2.1.0\smallrye-context-propagation-api-2.1.0.jar;C:\Users\George\.m2\repository\io\smallrye\smallrye-context-propagation-storage\2.1.0\smallrye-context-propagation-storage-2.1.0.jar;C:\Users\George\.m2\repository\io\smallrye\reactive\mutiny-smallrye-context-propagation\2.5.8\mutiny-smallrye-context-propagation-2.5.8.jar;C:\Users\George\.m2\repository\io\quarkus\quarkus-junit5\3.9.3\quarkus-junit5-3.9.3.jar;C:\Users\George\.m2\repository\io\quarkus\quarkus-bootstrap-core\3.9.3\quarkus-bootstrap-core-3.9.3.jar;C:\Users\George\.m2\repository\io\quarkus\quarkus-bootstrap-app-model\3.9.3\quarkus-bootstrap-app-model-3.9.3.jar;C:\Users\George\.m2\repository\io\smallrye\common\smallrye-common-io\2.3.0\smallrye-common-io-2.3.0.jar;C:\Users\George\.m2\repository\org\eclipse\sisu\org.eclipse.sisu.inject\0.9.0.M2\org.eclipse.sisu.inject-0.9.0.M2.jar;C:\Users\George\.m2\repository\io\quarkus\quarkus-test-common\3.9.3\quarkus-test-common-3.9.3.jar;C:\Users\George\.m2\repository\io\quarkus\quarkus-bootstrap-maven-resolver\3.9.3\quarkus-bootstrap-maven-resolver-3.9.3.jar;C:\Users\George\.m2\repository\io\smallrye\beanbag\smallrye-beanbag-maven\1.4.0\smallrye-beanbag-maven-1.4.0.jar;C:\Users\George\.m2\repository\io\smallrye\beanbag\smallrye-beanbag-sisu\1.4.0\smallrye-beanbag-sisu-1.4.0.jar;C:\Users\George\.m2\repository\io\smallrye\beanbag\smallrye-beanbag\1.4.0\smallrye-beanbag-1.4.0.jar;C:\Users\George\.m2\repository\javax\inject\javax.inject\1\javax.inject-1.jar;C:\Users\George\.m2\repository\org\apache\maven\maven-artifact\3.9.6\maven-artifact-3.9.6.jar;C:\Users\George\.m2\repository\org\apache\maven\maven-builder-support\3.9.6\maven-builder-support-3.9.6.jar;C:\Users\George\.m2\repository\org\apache\maven\maven-model\3.9.6\maven-model-3.9.6.jar;C:\Users\George\.m2\repository\org\apache\maven\maven-model-builder\3.9.6\maven-model-builder-3.9.6.jar;C:\Users\George\.m2\repository\org\apache\maven\maven-repository-metadata\3.9.6\maven-repository-metadata-3.9.6.jar;C:\Users\George\.m2\repository\org\apache\maven\maven-settings\3.9.6\maven-settings-3.9.6.jar;C:\Users\George\.m2\repository\org\apache\maven\resolver\maven-resolver-api\1.9.18\maven-resolver-api-1.9.18.jar;C:\Users\George\.m2\repository\org\apache\maven\resolver\maven-resolver-impl\1.9.18\maven-resolver-impl-1.9.18.jar;C:\Users\George\.m2\repository\org\apache\maven\resolver\maven-resolver-named-locks\1.9.18\maven-resolver-named-locks-1.9.18.jar;C:\Users\George\.m2\repository\org\apache\maven\resolver\maven-resolver-spi\1.9.18\maven-resolver-spi-1.9.18.jar;C:\Users\George\.m2\repository\org\apache\maven\resolver\maven-resolver-util\1.9.18\maven-resolver-util-1.9.18.jar;C:\Users\George\.m2\repository\org\apache\maven\resolver\maven-resolver-transport-http\1.9.18\maven-resolver-transport-http-1.9.18.jar;C:\Users\George\.m2\repository\org\apache\maven\wagon\wagon-provider-api\3.5.3\wagon-provider-api-3.5.3.jar;C:\Users\George\.m2\repository\org\apache\maven\wagon\wagon-http-shared\3.5.3\wagon-http-shared-3.5.3.jar;C:\Users\George\.m2\repository\org\codehaus\plexus\plexus-interpolation\1.26\plexus-interpolation-1.26.jar;C:\Users\George\.m2\repository\org\codehaus\plexus\plexus-utils\3.5.1\plexus-utils-3.5.1.jar;C:\Users\George\.m2\repository\org\codehaus\plexus\plexus-xml\4.0.0\plexus-xml-4.0.0.jar;C:\Users\George\.m2\repository\org\apache\maven\maven-xml-impl\4.0.0-alpha-5\maven-xml-impl-4.0.0-alpha-5.jar;C:\Users\George\.m2\repository\org\apache\maven\maven-api-xml\4.0.0-alpha-5\maven-api-xml-4.0.0-alpha-5.jar;C:\Users\George\.m2\repository\org\apache\maven\maven-api-meta\4.0.0-alpha-5\maven-api-meta-4.0.0-alpha-5.jar;C:\Users\George\.m2\repository\org\codehaus\plexus\plexus-cipher\2.0\plexus-cipher-2.0.jar;C:\Users\George\.m2\repository\org\codehaus\plexus\plexus-sec-dispatcher\2.0\plexus-sec-dispatcher-2.0.jar;C:\Users\George\.m2\repository\org\apache\maven\maven-embedder\3.9.6\maven-embedder-3.9.6.jar;C:\Users\George\.m2\repository\org\apache\maven\maven-core\3.9.6\maven-core-3.9.6.jar;C:\Users\George\.m2\repository\org\codehaus\plexus\plexus-component-annotations\2.1.0\plexus-component-annotations-2.1.0.jar;C:\Users\George\.m2\repository\org\apache\maven\maven-plugin-api\3.9.6\maven-plugin-api-3.9.6.jar;C:\Users\George\.m2\repository\org\apache\maven\shared\maven-shared-utils\3.3.4\maven-shared-utils-3.3.4.jar;C:\Users\George\.m2\repository\com\google\inject\guice\5.1.0\guice-5.1.0.jar;C:\Users\George\.m2\repository\aopalliance\aopalliance\1.0\aopalliance-1.0.jar;C:\Users\George\.m2\repository\com\google\guava\guava\33.0.0-jre\guava-33.0.0-jre.jar;C:\Users\George\.m2\repository\com\google\guava\failureaccess\1.0.1\failureaccess-1.0.1.jar;C:\Users\George\.m2\repository\org\codehaus\plexus\plexus-classworlds\2.6.0\plexus-classworlds-2.6.0.jar;C:\Users\George\.m2\repository\commons-cli\commons-cli\1.5.0\commons-cli-1.5.0.jar;C:\Users\George\.m2\repository\org\eclipse\sisu\org.eclipse.sisu.plexus\0.9.0.M2\org.eclipse.sisu.plexus-0.9.0.M2.jar;C:\Users\George\.m2\repository\org\apache\maven\maven-settings-builder\3.9.6\maven-settings-builder-3.9.6.jar;C:\Users\George\.m2\repository\org\apache\maven\maven-resolver-provider\3.9.6\maven-resolver-provider-3.9.6.jar;C:\Users\George\.m2\repository\org\apache\maven\resolver\maven-resolver-connector-basic\1.9.18\maven-resolver-connector-basic-1.9.18.jar;C:\Users\George\.m2\repository\org\apache\maven\resolver\maven-resolver-transport-wagon\1.9.18\maven-resolver-transport-wagon-1.9.18.jar;C:\Users\George\.m2\repository\org\apache\maven\wagon\wagon-http\3.5.3\wagon-http-3.5.3.jar;C:\Users\George\.m2\repository\org\apache\maven\wagon\wagon-file\3.5.3\wagon-file-3.5.3.jar;C:\Users\George\.m2\repository\io\fabric8\maven-model-helper\36\maven-model-helper-36.jar;C:\Users\George\.m2\repository\org\jdom\jdom2\2.0.6.1\jdom2-2.0.6.1.jar;C:\Users\George\.m2\repository\io\quarkus\quarkus-bootstrap-gradle-resolver\3.9.3\quarkus-bootstrap-gradle-resolver-3.9.3.jar;C:\Users\George\.m2\repository\io\smallrye\jandex\3.1.6\jandex-3.1.6.jar;C:\Users\George\.m2\repository\commons-io\commons-io\2.15.1\commons-io-2.15.1.jar;C:\Users\George\.m2\repository\org\jboss\logging\commons-logging-jboss-logging\1.0.0.Final\commons-logging-jboss-logging-1.0.0.Final.jar;C:\Users\George\.m2\repository\io\quarkus\quarkus-junit5-properties\3.9.3\quarkus-junit5-properties-3.9.3.jar;C:\Users\George\.m2\repository\org\junit\jupiter\junit-jupiter\5.10.2\junit-jupiter-5.10.2.jar;C:\Users\George\.m2\repository\org\junit\jupiter\junit-jupiter-params\5.10.2\junit-jupiter-params-5.10.2.jar;C:\Users\George\.m2\repository\org\junit\jupiter\junit-jupiter-engine\5.10.2\junit-jupiter-engine-5.10.2.jar;C:\Users\George\.m2\repository\org\junit\platform\junit-platform-engine\1.10.2\junit-platform-engine-1.10.2.jar;C:\Users\George\.m2\repository\io\quarkus\quarkus-core\3.9.3\quarkus-core-3.9.3.jar;C:\Users\George\.m2\repository\jakarta\enterprise\jakarta.enterprise.cdi-api\4.0.1\jakarta.enterprise.cdi-api-4.0.1.jar;C:\Users\George\.m2\repository\jakarta\enterprise\jakarta.enterprise.lang-model\4.0.1\jakarta.enterprise.lang-model-4.0.1.jar;C:\Users\George\.m2\repository\jakarta\inject\jakarta.inject-api\2.0.1\jakarta.inject-api-2.0.1.jar;C:\Users\George\.m2\repository\io\smallrye\common\smallrye-common-os\2.3.0\smallrye-common-os-2.3.0.jar;C:\Users\George\.m2\repository\io\quarkus\quarkus-ide-launcher\3.9.3\quarkus-ide-launcher-3.9.3.jar;C:\Users\George\.m2\repository\io\quarkus\quarkus-development-mode-spi\3.9.3\quarkus-development-mode-spi-3.9.3.jar;C:\Users\George\.m2\repository\io\smallrye\config\smallrye-config\3.7.1\smallrye-config-3.7.1.jar;C:\Users\George\.m2\repository\io\smallrye\config\smallrye-config-core\3.7.1\smallrye-config-core-3.7.1.jar;C:\Users\George\.m2\repository\io\smallrye\common\smallrye-common-classloader\2.3.0\smallrye-common-classloader-2.3.0.jar;C:\Users\George\.m2\repository\io\smallrye\config\smallrye-config-common\3.7.1\smallrye-config-common-3.7.1.jar;C:\Users\George\.m2\repository\org\jboss\logmanager\jboss-logmanager\3.0.4.Final\jboss-logmanager-3.0.4.Final.jar;C:\Users\George\.m2\repository\io\smallrye\common\smallrye-common-constraint\2.3.0\smallrye-common-constraint-2.3.0.jar;C:\Users\George\.m2\repository\io\smallrye\common\smallrye-common-cpu\2.3.0\smallrye-common-cpu-2.3.0.jar;C:\Users\George\.m2\repository\io\smallrye\common\smallrye-common-expression\2.3.0\smallrye-common-expression-2.3.0.jar;C:\Users\George\.m2\repository\io\smallrye\common\smallrye-common-function\2.3.0\smallrye-common-function-2.3.0.jar;C:\Users\George\.m2\repository\io\smallrye\common\smallrye-common-net\2.3.0\smallrye-common-net-2.3.0.jar;C:\Users\George\.m2\repository\io\smallrye\common\smallrye-common-ref\2.3.0\smallrye-common-ref-2.3.0.jar;C:\Users\George\.m2\repository\jakarta\json\jakarta.json-api\2.1.3\jakarta.json-api-2.1.3.jar;C:\Users\George\.m2\repository\org\jboss\logging\jboss-logging-annotations\2.2.1.Final\jboss-logging-annotations-2.2.1.Final.jar;C:\Users\George\.m2\repository\org\jboss\threads\jboss-threads\3.6.1.Final\jboss-threads-3.6.1.Final.jar;C:\Users\George\.m2\repository\org\slf4j\slf4j-api\2.0.6\slf4j-api-2.0.6.jar;C:\Users\George\.m2\repository\org\jboss\slf4j\slf4j-jboss-logmanager\2.0.0.Final\slf4j-jboss-logmanager-2.0.0.Final.jar;C:\Users\George\.m2\repository\org\wildfly\common\wildfly-common\1.7.0.Final\wildfly-common-1.7.0.Final.jar;C:\Users\George\.m2\repository\io\quarkus\quarkus-bootstrap-runner\3.9.3\quarkus-bootstrap-runner-3.9.3.jar;C:\Users\George\.m2\repository\io\quarkus\quarkus-fs-util\0.0.10\quarkus-fs-util-0.0.10.jar;C:\Users\George\.m2\repository\com\thoughtworks\xstream\xstream\1.4.20\xstream-1.4.20.jar;C:\Users\George\.m2\repository\io\github\x-stream\mxparser\1.2.2\mxparser-1.2.2.jar;C:\Users\George\.m2\repository\xmlpull\xmlpull\1.1.3.1\xmlpull-1.1.3.1.jar;C:\Users\George\.m2\repository\io\quarkus\quarkus-smallrye-jwt\3.9.3\quarkus-smallrye-jwt-3.9.3.jar;C:\Users\George\.m2\repository\io\smallrye\smallrye-jwt\4.5.0\smallrye-jwt-4.5.0.jar;C:\Users\George\.m2\repository\org\eclipse\microprofile\config\microprofile-config-api\3.0.3\microprofile-config-api-3.0.3.jar;C:\Users\George\.m2\repository\org\eclipse\microprofile\jwt\microprofile-jwt-auth-api\2.1\microprofile-jwt-auth-api-2.1.jar;C:\Users\George\.m2\repository\org\bitbucket\b_c\jose4j\0.9.6\jose4j-0.9.6.jar;C:\Users\George\.m2\repository\io\smallrye\smallrye-jwt-common\4.5.0\smallrye-jwt-common-4.5.0.jar;C:\Users\George\.m2\repository\jakarta\annotation\jakarta.annotation-api\2.1.1\jakarta.annotation-api-2.1.1.jar;C:\Users\George\.m2\repository\io\quarkus\quarkus-vertx-http\3.9.3\quarkus-vertx-http-3.9.3.jar;C:\Users\George\.m2\repository\io\quarkus\quarkus-security-runtime-spi\3.9.3\quarkus-security-runtime-spi-3.9.3.jar;C:\Users\George\.m2\repository\io\quarkus\quarkus-credentials\3.9.3\quarkus-credentials-3.9.3.jar;C:\Users\George\.m2\repository\io\smallrye\common\smallrye-common-vertx-context\2.3.0\smallrye-common-vertx-context-2.3.0.jar;C:\Users\George\.m2\repository\io\quarkus\security\quarkus-security\2.0.3.Final\quarkus-security-2.0.3.Final.jar;C:\Users\George\.m2\repository\io\quarkus\quarkus-vertx\3.9.3\quarkus-vertx-3.9.3.jar;C:\Users\George\.m2\repository\io\quarkus\quarkus-netty\3.9.3\quarkus-netty-3.9.3.jar;C:\Users\George\.m2\repository\io\netty\netty-codec\4.1.108.Final\netty-codec-4.1.108.Final.jar;C:\Users\George\.m2\repository\com\aayushatharva\brotli4j\brotli4j\1.16.0\brotli4j-1.16.0.jar;C:\Users\George\.m2\repository\com\aayushatharva\brotli4j\service\1.16.0\service-1.16.0.jar;C:\Users\George\.m2\repository\com\aayushatharva\brotli4j\native-windows-x86_64\1.16.0\native-windows-x86_64-1.16.0.jar;C:\Users\George\.m2\repository\io\netty\netty-codec-haproxy\4.1.108.Final\netty-codec-haproxy-4.1.108.Final.jar;C:\Users\George\.m2\repository\io\quarkus\quarkus-vertx-latebound-mdc-provider\3.9.3\quarkus-vertx-latebound-mdc-provider-3.9.3.jar;C:\Users\George\.m2\repository\io\smallrye\smallrye-fault-tolerance-vertx\6.2.6\smallrye-fault-tolerance-vertx-6.2.6.jar;C:\Users\George\.m2\repository\io\smallrye\reactive\smallrye-mutiny-vertx-web\3.11.0\smallrye-mutiny-vertx-web-3.11.0.jar;C:\Users\George\.m2\repository\io\smallrye\reactive\smallrye-mutiny-vertx-web-common\3.11.0\smallrye-mutiny-vertx-web-common-3.11.0.jar;C:\Users\George\.m2\repository\io\smallrye\reactive\smallrye-mutiny-vertx-auth-common\3.11.0\smallrye-mutiny-vertx-auth-common-3.11.0.jar;C:\Users\George\.m2\repository\io\smallrye\reactive\smallrye-mutiny-vertx-bridge-common\3.11.0\smallrye-mutiny-vertx-bridge-common-3.11.0.jar;C:\Users\George\.m2\repository\io\smallrye\reactive\smallrye-mutiny-vertx-uri-template\3.11.0\smallrye-mutiny-vertx-uri-template-3.11.0.jar;C:\Users\George\.m2\repository\io\vertx\vertx-uri-template\4.5.7\vertx-uri-template-4.5.7.jar;C:\Users\George\.m2\repository\io\vertx\vertx-web\4.5.7\vertx-web-4.5.7.jar;C:\Users\George\.m2\repository\io\vertx\vertx-web-common\4.5.7\vertx-web-common-4.5.7.jar;C:\Users\George\.m2\repository\io\vertx\vertx-auth-common\4.5.7\vertx-auth-common-4.5.7.jar;C:\Users\George\.m2\repository\io\vertx\vertx-bridge-common\4.5.7\vertx-bridge-common-4.5.7.jar;C:\Users\George\.m2\repository\io\github\crac\org-crac\0.1.3\org-crac-0.1.3.jar;C:\Users\George\.m2\repository\io\quarkus\quarkus-security\3.9.3\quarkus-security-3.9.3.jar;C:\Users\George\.m2\repository\jakarta\interceptor\jakarta.interceptor-api\2.1.0\jakarta.interceptor-api-2.1.0.jar;C:\Users\George\.m2\repository\io\quarkus\quarkus-smallrye-jwt-build\3.9.3\quarkus-smallrye-jwt-build-3.9.3.jar;C:\Users\George\.m2\repository\io\smallrye\smallrye-jwt-build\4.5.0\smallrye-jwt-build-4.5.0.jar;C:\Users\George\.m2\repository\io\quarkus\quarkus-jsonp\3.9.3\quarkus-jsonp-3.9.3.jar;C:\Users\George\.m2\repository\org\eclipse\parsson\parsson\1.1.5\parsson-1.1.5.jar;C:\Users\George\.m2\repository\com\google\code\findbugs\jsr305\3.0.2\jsr305-3.0.2.jar;C:\Users\George\.m2\repository\com\squareup\okhttp3\logging-interceptor\4.9.1\logging-interceptor-4.9.1.jar;C:\Users\George\.m2\repository\org\jetbrains\kotlin\kotlin-stdlib-jdk8\1.9.23\kotlin-stdlib-jdk8-1.9.23.jar;C:\Users\George\.m2\repository\org\jetbrains\kotlin\kotlin-stdlib-jdk7\1.9.23\kotlin-stdlib-jdk7-1.9.23.jar;C:\Users\George\.m2\repository\javax\annotation\javax.annotation-api\1.3.2\javax.annotation-api-1.3.2.jar;C:\Users\George\.m2\repository\com\squareup\okhttp3\okhttp\4.9.1\okhttp-4.9.1.jar;C:\Users\George\.m2\repository\org\jetbrains\kotlin\kotlin-stdlib\1.9.23\kotlin-stdlib-1.9.23.jar;C:\Users\George\.m2\repository\org\jetbrains\annotations\24.1.0\annotations-24.1.0.jar;C:\Users\George\.m2\repository\javax\ws\rs\javax.ws.rs-api\2.1.1\javax.ws.rs-api-2.1.1.jar;C:\Users\George\.m2\repository\com\google\code\gson\gson\2.8.9\gson-2.8.9.jar;C:\Users\George\.m2\repository\io\gsonfire\gson-fire\1.8.5\gson-fire-1.8.5.jar;C:\Users\George\.m2\repository\com\squareup\okio\okio\2.10.0\okio-2.10.0.jar;C:\Users\George\.m2\repository\org\jetbrains\kotlin\kotlin-stdlib-common\1.9.23\kotlin-stdlib-common-1.9.23.jar;C:\Users\George\.m2\repository\javax\validation\validation-api\2.0.1.Final\validation-api-2.0.1.Final.jar;C:\Users\George\.m2\repository\jakarta\validation\jakarta.validation-api\3.0.2\jakarta.validation-api-3.0.2.jar;C:\Users\George\.m2\repository\io\quarkus\quarkus-hibernate-validator\3.9.3\quarkus-hibernate-validator-3.9.3.jar;C:\Users\George\.m2\repository\org\glassfish\expressly\expressly\5.0.0\expressly-5.0.0.jar;C:\Users\George\.m2\repository\jakarta\el\jakarta.el-api\5.0.1\jakarta.el-api-5.0.1.jar;C:\Users\George\.m2\repository\io\smallrye\config\smallrye-config-validator\3.7.1\smallrye-config-validator-3.7.1.jar;C:\Users\George\.m2\repository\jakarta\ws\rs\jakarta.ws.rs-api\3.1.0\jakarta.ws.rs-api-3.1.0.jar;C:\Users\George\.m2\repository\org\hibernate\validator\hibernate-validator\8.0.1.Final\hibernate-validator-8.0.1.Final.jar;C:\Users\George\.m2\repository\org\jboss\logging\jboss-logging\3.5.3.Final\jboss-logging-3.5.3.Final.jar;C:\Users\George\.m2\repository\com\fasterxml\classmate\1.7.0\classmate-1.7.0.jar;C:\Users\George\.m2\repository\io\quarkus\quarkus-smallrye-openapi\3.9.3\quarkus-smallrye-openapi-3.9.3.jar;C:\Users\George\.m2\repository\io\smallrye\smallrye-open-api-core\3.10.0\smallrye-open-api-core-3.10.0.jar;C:\Users\George\.m2\repository\org\eclipse\microprofile\openapi\microprofile-openapi-api\3.1.1\microprofile-openapi-api-3.1.1.jar;C:\Users\George\.m2\repository\com\fasterxml\jackson\core\jackson-core\2.17.0\jackson-core-2.17.0.jar;C:\Users\George\.m2\repository\com\fasterxml\jackson\core\jackson-databind\2.17.0\jackson-databind-2.17.0.jar;C:\Users\George\.m2\repository\com\fasterxml\jackson\core\jackson-annotations\2.17.0\jackson-annotations-2.17.0.jar;C:\Users\George\.m2\repository\com\fasterxml\jackson\dataformat\jackson-dataformat-yaml\2.17.0\jackson-dataformat-yaml-2.17.0.jar;C:\Users\George\.m2\repository\org\yaml\snakeyaml\2.2\snakeyaml-2.2.jar;C:\Users\George\.m2\repository\io\quarkus\quarkus-swagger-ui\3.9.3\quarkus-swagger-ui-3.9.3.jar;C:\Users\George\.m2\repository\io\quarkus\quarkus-mongodb-panache\3.9.3\quarkus-mongodb-panache-3.9.3.jar;C:\Users\George\.m2\repository\io\quarkus\quarkus-panache-common\3.9.3\quarkus-panache-common-3.9.3.jar;C:\Users\George\.m2\repository\io\quarkus\quarkus-mongodb-panache-common\3.9.3\quarkus-mongodb-panache-common-3.9.3.jar;C:\Users\George\.m2\repository\io\quarkus\quarkus-mongodb-client\3.9.3\quarkus-mongodb-client-3.9.3.jar;C:\Users\George\.m2\repository\io\smallrye\reactive\mutiny-zero-flow-adapters\1.0.0\mutiny-zero-flow-adapters-1.0.0.jar;C:\Users\George\.m2\repository\io\quarkus\quarkus-mutiny-reactive-streams-operators\3.9.3\quarkus-mutiny-reactive-streams-operators-3.9.3.jar;C:\Users\George\.m2\repository\org\eclipse\microprofile\reactive-streams-operators\microprofile-reactive-streams-operators-api\3.0\microprofile-reactive-streams-operators-api-3.0.jar;C:\Users\George\.m2\repository\org\eclipse\microprofile\reactive-streams-operators\microprofile-reactive-streams-operators-core\3.0\microprofile-reactive-streams-operators-core-3.0.jar;C:\Users\George\.m2\repository\io\smallrye\reactive\mutiny-reactive-streams-operators\2.5.8\mutiny-reactive-streams-operators-2.5.8.jar;C:\Users\George\.m2\repository\org\mongodb\mongodb-driver-sync\4.11.1\mongodb-driver-sync-4.11.1.jar;C:\Users\George\.m2\repository\org\mongodb\bson\4.11.1\bson-4.11.1.jar;C:\Users\George\.m2\repository\org\mongodb\mongodb-driver-core\4.11.1\mongodb-driver-core-4.11.1.jar;C:\Users\George\.m2\repository\org\mongodb\bson-record-codec\4.11.1\bson-record-codec-4.11.1.jar;C:\Users\George\.m2\repository\org\mongodb\mongodb-driver-reactivestreams\4.11.1\mongodb-driver-reactivestreams-4.11.1.jar;C:\Users\George\.m2\repository\io\projectreactor\reactor-core\3.5.0\reactor-core-3.5.0.jar;C:\Users\George\.m2\repository\org\mongodb\mongodb-crypt\1.8.0\mongodb-crypt-1.8.0.jar;C:\Users\George\.m2\repository\net\java\dev\jna\jna\5.8.0\jna-5.8.0.jar;C:\Users\George\.m2\repository\io\quarkus\quarkus-panacheql\3.9.3\quarkus-panacheql-3.9.3.jar;C:\Users\George\.m2\repository\org\antlr\antlr4-runtime\4.13.0\antlr4-runtime-4.13.0.jar;C:\Users\George\.m2\repository\io\quarkus\quarkus-narayana-jta\3.9.3\quarkus-narayana-jta-3.9.3.jar;C:\Users\George\.m2\repository\io\quarkus\quarkus-transaction-annotations\3.9.3\quarkus-transaction-annotations-3.9.3.jar;C:\Users\George\.m2\repository\io\quarkus\quarkus-datasource-common\3.9.3\quarkus-datasource-common-3.9.3.jar;C:\Users\George\.m2\repository\io\smallrye\smallrye-context-propagation-jta\2.1.0\smallrye-context-propagation-jta-2.1.0.jar;C:\Users\George\.m2\repository\io\smallrye\reactive\smallrye-reactive-converter-api\3.0.1\smallrye-reactive-converter-api-3.0.1.jar;C:\Users\George\.m2\repository\io\smallrye\reactive\smallrye-reactive-converter-mutiny\3.0.1\smallrye-reactive-converter-mutiny-3.0.1.jar;C:\Users\George\.m2\repository\org\jboss\narayana\jta\narayana-jta\7.0.1.Final\narayana-jta-7.0.1.Final.jar;C:\Users\George\.m2\repository\org\jboss\jboss-transaction-spi\8.0.0.Final\jboss-transaction-spi-8.0.0.Final.jar;C:\Users\George\.m2\repository\jakarta\resource\jakarta.resource-api\2.1.0\jakarta.resource-api-2.1.0.jar;C:\Users\George\.m2\repository\org\jboss\invocation\jboss-invocation\2.0.0.Final\jboss-invocation-2.0.0.Final.jar;C:\Users\George\.m2\repository\org\jboss\narayana\jts\narayana-jts-integration\7.0.1.Final\narayana-jts-integration-7.0.1.Final.jar;C:\Users\George\.m2\repository\io\quarkus\quarkus-arc\3.9.3\quarkus-arc-3.9.3.jar;C:\Users\George\.m2\repository\io\quarkus\arc\arc\3.9.3\arc-3.9.3.jar;C:\Users\George\.m2\repository\jakarta\transaction\jakarta.transaction-api\2.0.1\jakarta.transaction-api-2.0.1.jar;C:\Users\George\.m2\repository\org\eclipse\microprofile\context-propagation\microprofile-context-propagation-api\1.3\microprofile-context-propagation-api-1.3.jar;C:\Users\George\.m2\repository\io\quarkus\quarkus-rest\3.9.3\quarkus-rest-3.9.3.jar;C:\Users\George\.m2\repository\io\quarkus\quarkus-rest-common\3.9.3\quarkus-rest-common-3.9.3.jar;C:\Users\George\.m2\repository\io\quarkus\resteasy\reactive\resteasy-reactive-common\3.9.3\resteasy-reactive-common-3.9.3.jar;C:\Users\George\.m2\repository\io\quarkus\resteasy\reactive\resteasy-reactive-common-types\3.9.3\resteasy-reactive-common-types-3.9.3.jar;C:\Users\George\.m2\repository\org\reactivestreams\reactive-streams\1.0.4\reactive-streams-1.0.4.jar;C:\Users\George\.m2\repository\io\quarkus\resteasy\reactive\resteasy-reactive-vertx\3.9.3\resteasy-reactive-vertx-3.9.3.jar;C:\Users\George\.m2\repository\io\smallrye\reactive\smallrye-mutiny-vertx-core\3.11.0\smallrye-mutiny-vertx-core-3.11.0.jar;C:\Users\George\.m2\repository\io\smallrye\reactive\smallrye-mutiny-vertx-runtime\3.11.0\smallrye-mutiny-vertx-runtime-3.11.0.jar;C:\Users\George\.m2\repository\io\smallrye\reactive\vertx-mutiny-generator\3.11.0\vertx-mutiny-generator-3.11.0.jar;C:\Users\George\.m2\repository\io\vertx\vertx-codegen\4.5.7\vertx-codegen-4.5.7.jar;C:\Users\George\.m2\repository\io\quarkus\resteasy\reactive\resteasy-reactive\3.9.3\resteasy-reactive-3.9.3.jar;C:\Users\George\.m2\repository\jakarta\xml\bind\jakarta.xml.bind-api\4.0.2\jakarta.xml.bind-api-4.0.2.jar;C:\Users\George\.m2\repository\jakarta\activation\jakarta.activation-api\2.1.3\jakarta.activation-api-2.1.3.jar;C:\Users\George\.m2\repository\io\quarkus\quarkus-virtual-threads\3.9.3\quarkus-virtual-threads-3.9.3.jar;C:\Users\George\.m2\repository\io\vertx\vertx-core\4.5.7\vertx-core-4.5.7.jar;C:\Users\George\.m2\repository\io\netty\netty-common\4.1.108.Final\netty-common-4.1.108.Final.jar;C:\Users\George\.m2\repository\io\netty\netty-buffer\4.1.108.Final\netty-buffer-4.1.108.Final.jar;C:\Users\George\.m2\repository\io\netty\netty-transport\4.1.108.Final\netty-transport-4.1.108.Final.jar;C:\Users\George\.m2\repository\io\netty\netty-handler\4.1.108.Final\netty-handler-4.1.108.Final.jar;C:\Users\George\.m2\repository\io\netty\netty-transport-native-unix-common\4.1.108.Final\netty-transport-native-unix-common-4.1.108.Final.jar;C:\Users\George\.m2\repository\io\netty\netty-handler-proxy\4.1.108.Final\netty-handler-proxy-4.1.108.Final.jar;C:\Users\George\.m2\repository\io\netty\netty-codec-socks\4.1.108.Final\netty-codec-socks-4.1.108.Final.jar;C:\Users\George\.m2\repository\io\netty\netty-codec-http\4.1.108.Final\netty-codec-http-4.1.108.Final.jar;C:\Users\George\.m2\repository\io\netty\netty-codec-http2\4.1.108.Final\netty-codec-http2-4.1.108.Final.jar;C:\Users\George\.m2\repository\io\netty\netty-resolver\4.1.108.Final\netty-resolver-4.1.108.Final.jar;C:\Users\George\.m2\repository\io\netty\netty-resolver-dns\4.1.108.Final\netty-resolver-dns-4.1.108.Final.jar;C:\Users\George\.m2\repository\io\netty\netty-codec-dns\4.1.108.Final\netty-codec-dns-4.1.108.Final.jar;C:\Users\George\.m2\repository\io\rest-assured\rest-assured\5.4.0\rest-assured-5.4.0.jar;C:\Users\George\.m2\repository\org\apache\groovy\groovy\4.0.16\groovy-4.0.16.jar;C:\Users\George\.m2\repository\org\apache\groovy\groovy-xml\4.0.16\groovy-xml-4.0.16.jar;C:\Users\George\.m2\repository\org\apache\httpcomponents\httpclient\4.5.14\httpclient-4.5.14.jar;C:\Users\George\.m2\repository\org\apache\httpcomponents\httpcore\4.4.16\httpcore-4.4.16.jar;C:\Users\George\.m2\repository\commons-codec\commons-codec\1.16.1\commons-codec-1.16.1.jar;C:\Users\George\.m2\repository\org\apache\httpcomponents\httpmime\4.5.14\httpmime-4.5.14.jar;C:\Users\George\.m2\repository\org\hamcrest\hamcrest\2.2\hamcrest-2.2.jar;C:\Users\George\.m2\repository\org\ccil\cowan\tagsoup\tagsoup\1.2.1\tagsoup-1.2.1.jar;C:\Users\George\.m2\repository\io\rest-assured\json-path\5.4.0\json-path-5.4.0.jar;C:\Users\George\.m2\repository\org\apache\groovy\groovy-json\4.0.16\groovy-json-4.0.16.jar;C:\Users\George\.m2\repository\io\rest-assured\rest-assured-common\5.4.0\rest-assured-common-5.4.0.jar;C:\Users\George\.m2\repository\io\rest-assured\xml-path\5.4.0\xml-path-5.4.0.jar;C:\Users\George\.m2\repository\org\apache\commons\commons-lang3\3.14.0\commons-lang3-3.14.0.jar;C:\Users\George\.m2\repository\io\quarkus\quarkus-rest-jackson\3.9.3\quarkus-rest-jackson-3.9.3.jar;C:\Users\George\.m2\repository\io\quarkus\quarkus-rest-jackson-common\3.9.3\quarkus-rest-jackson-common-3.9.3.jar;C:\Users\George\.m2\repository\io\quarkus\resteasy\reactive\resteasy-reactive-jackson\3.9.3\resteasy-reactive-jackson-3.9.3.jar;C:\Users\George\.m2\repository\io\quarkus\quarkus-jackson\3.9.3\quarkus-jackson-3.9.3.jar;C:\Users\George\.m2\repository\com\fasterxml\jackson\datatype\jackson-datatype-jsr310\2.17.0\jackson-datatype-jsr310-2.17.0.jar;C:\Users\George\.m2\repository\com\fasterxml\jackson\datatype\jackson-datatype-jdk8\2.17.0\jackson-datatype-jdk8-2.17.0.jar;C:\Users\George\.m2\repository\com\fasterxml\jackson\module\jackson-module-parameter-names\2.17.0\jackson-module-parameter-names-2.17.0.jar;C:\Users\George\.m2\repository\org\projectlombok\lombok\1.18.20\lombok-1.18.20.jar;"/>
    <property name="java.vm.vendor" value="Amazon.com Inc."/>
    <property name="sun.arch.data.model" value="64"/>
    <property name="user.variant" value=""/>
    <property name="java.vendor.url" value="https://aws.amazon.com/corretto/"/>
    <property name="user.timezone" value="America/Bogota"/>
    <property name="os.name" value="Windows 10"/>
    <property name="java.vm.specification.version" value="17"/>
    <property name="sun.java.launcher" value="SUN_STANDARD"/>
    <property name="user.country" value="ES"/>
    <property name="sun.boot.library.path" value="C:\Users\George\.jdks\corretto-17.0.7\bin"/>
    <property name="sun.java.command" value="C:\Users\George\AppData\Local\Temp\surefire5764485327882574318\surefirebooter-20240710213526355_3.jar C:\Users\George\AppData\Local\Temp\surefire5764485327882574318 2024-07-10T21-35-26_174-jvmRun1 surefire-20240710213526355_1tmp surefire_0-20240710213526355_2tmp"/>
    <property name="jdk.debug" value="release"/>
    <property name="maven.home" value="C:\Users\George\.m2\wrapper\dists\apache-maven-3.9.6-bin\439sdfsg2nbdob9ciift5h5nse\apache-maven-3.9.6"/>
    <property name="surefire.test.class.path" value="E:\ecommerce-store\apis\store-backend-user\target\test-classes;E:\ecommerce-store\apis\store-backend-user\target\classes;C:\Users\George\.m2\repository\io\quarkus\quarkus-junit5-mockito\3.9.3\quarkus-junit5-mockito-3.9.3.jar;C:\Users\George\.m2\repository\org\mockito\mockito-junit-jupiter\5.11.0\mockito-junit-jupiter-5.11.0.jar;C:\Users\George\.m2\repository\org\mockito\mockito-core\5.11.0\mockito-core-5.11.0.jar;C:\Users\George\.m2\repository\net\bytebuddy\byte-buddy\1.14.11\byte-buddy-1.14.11.jar;C:\Users\George\.m2\repository\net\bytebuddy\byte-buddy-agent\1.14.12\byte-buddy-agent-1.14.12.jar;C:\Users\George\.m2\repository\org\objenesis\objenesis\3.3\objenesis-3.3.jar;C:\Users\George\.m2\repository\org\junit\jupiter\junit-jupiter-api\5.10.2\junit-jupiter-api-5.10.2.jar;C:\Users\George\.m2\repository\org\opentest4j\opentest4j\1.3.0\opentest4j-1.3.0.jar;C:\Users\George\.m2\repository\org\junit\platform\junit-platform-commons\1.10.2\junit-platform-commons-1.10.2.jar;C:\Users\George\.m2\repository\org\apiguardian\apiguardian-api\1.1.2\apiguardian-api-1.1.2.jar;C:\Users\George\.m2\repository\io\quarkus\quarkus-junit5-mockito-config\3.9.3\quarkus-junit5-mockito-config-3.9.3.jar;C:\Users\George\.m2\repository\io\quarkus\quarkus-arc-deployment\3.9.3\quarkus-arc-deployment-3.9.3.jar;C:\Users\George\.m2\repository\io\quarkus\quarkus-core-deployment\3.9.3\quarkus-core-deployment-3.9.3.jar;C:\Users\George\.m2\repository\org\aesh\readline\2.4\readline-2.4.jar;C:\Users\George\.m2\repository\org\fusesource\jansi\jansi\2.4.0\jansi-2.4.0.jar;C:\Users\George\.m2\repository\org\aesh\aesh\2.7\aesh-2.7.jar;C:\Users\George\.m2\repository\io\quarkus\gizmo\gizmo\1.8.0\gizmo-1.8.0.jar;C:\Users\George\.m2\repository\org\ow2\asm\asm-util\9.6\asm-util-9.6.jar;C:\Users\George\.m2\repository\org\ow2\asm\asm-analysis\9.6\asm-analysis-9.6.jar;C:\Users\George\.m2\repository\org\ow2\asm\asm\9.6\asm-9.6.jar;C:\Users\George\.m2\repository\org\ow2\asm\asm-commons\9.6\asm-commons-9.6.jar;C:\Users\George\.m2\repository\org\ow2\asm\asm-tree\9.6\asm-tree-9.6.jar;C:\Users\George\.m2\repository\io\quarkus\quarkus-class-change-agent\3.9.3\quarkus-class-change-agent-3.9.3.jar;C:\Users\George\.m2\repository\io\quarkus\quarkus-devtools-utilities\3.9.3\quarkus-devtools-utilities-3.9.3.jar;C:\Users\George\.m2\repository\io\quarkus\quarkus-builder\3.9.3\quarkus-builder-3.9.3.jar;C:\Users\George\.m2\repository\org\graalvm\sdk\nativeimage\23.1.2\nativeimage-23.1.2.jar;C:\Users\George\.m2\repository\org\graalvm\sdk\word\23.1.2\word-23.1.2.jar;C:\Users\George\.m2\repository\org\junit\platform\junit-platform-launcher\1.10.2\junit-platform-launcher-1.10.2.jar;C:\Users\George\.m2\repository\io\quarkus\quarkus-smallrye-context-propagation-spi\3.9.3\quarkus-smallrye-context-propagation-spi-3.9.3.jar;C:\Users\George\.m2\repository\io\quarkus\quarkus-vertx-http-dev-ui-spi\3.9.3\quarkus-vertx-http-dev-ui-spi-3.9.3.jar;C:\Users\George\.m2\repository\io\quarkus\arc\arc-processor\3.9.3\arc-processor-3.9.3.jar;C:\Users\George\.m2\repository\io\quarkus\quarkus-arc-test-supplement\3.9.3\quarkus-arc-test-supplement-3.9.3.jar;C:\Users\George\.m2\repository\org\mockito\mockito-subclass\5.11.0\mockito-subclass-5.11.0.jar;C:\Users\George\.m2\repository\io\quarkus\quarkus-mutiny\3.9.3\quarkus-mutiny-3.9.3.jar;C:\Users\George\.m2\repository\io\smallrye\reactive\mutiny\2.5.8\mutiny-2.5.8.jar;C:\Users\George\.m2\repository\io\smallrye\common\smallrye-common-annotation\2.3.0\smallrye-common-annotation-2.3.0.jar;C:\Users\George\.m2\repository\io\quarkus\quarkus-smallrye-context-propagation\3.9.3\quarkus-smallrye-context-propagation-3.9.3.jar;C:\Users\George\.m2\repository\io\smallrye\smallrye-context-propagation\2.1.0\smallrye-context-propagation-2.1.0.jar;C:\Users\George\.m2\repository\io\smallrye\smallrye-context-propagation-api\2.1.0\smallrye-context-propagation-api-2.1.0.jar;C:\Users\George\.m2\repository\io\smallrye\smallrye-context-propagation-storage\2.1.0\smallrye-context-propagation-storage-2.1.0.jar;C:\Users\George\.m2\repository\io\smallrye\reactive\mutiny-smallrye-context-propagation\2.5.8\mutiny-smallrye-context-propagation-2.5.8.jar;C:\Users\George\.m2\repository\io\quarkus\quarkus-junit5\3.9.3\quarkus-junit5-3.9.3.jar;C:\Users\George\.m2\repository\io\quarkus\quarkus-bootstrap-core\3.9.3\quarkus-bootstrap-core-3.9.3.jar;C:\Users\George\.m2\repository\io\quarkus\quarkus-bootstrap-app-model\3.9.3\quarkus-bootstrap-app-model-3.9.3.jar;C:\Users\George\.m2\repository\io\smallrye\common\smallrye-common-io\2.3.0\smallrye-common-io-2.3.0.jar;C:\Users\George\.m2\repository\org\eclipse\sisu\org.eclipse.sisu.inject\0.9.0.M2\org.eclipse.sisu.inject-0.9.0.M2.jar;C:\Users\George\.m2\repository\io\quarkus\quarkus-test-common\3.9.3\quarkus-test-common-3.9.3.jar;C:\Users\George\.m2\repository\io\quarkus\quarkus-bootstrap-maven-resolver\3.9.3\quarkus-bootstrap-maven-resolver-3.9.3.jar;C:\Users\George\.m2\repository\io\smallrye\beanbag\smallrye-beanbag-maven\1.4.0\smallrye-beanbag-maven-1.4.0.jar;C:\Users\George\.m2\repository\io\smallrye\beanbag\smallrye-beanbag-sisu\1.4.0\smallrye-beanbag-sisu-1.4.0.jar;C:\Users\George\.m2\repository\io\smallrye\beanbag\smallrye-beanbag\1.4.0\smallrye-beanbag-1.4.0.jar;C:\Users\George\.m2\repository\javax\inject\javax.inject\1\javax.inject-1.jar;C:\Users\George\.m2\repository\org\apache\maven\maven-artifact\3.9.6\maven-artifact-3.9.6.jar;C:\Users\George\.m2\repository\org\apache\maven\maven-builder-support\3.9.6\maven-builder-support-3.9.6.jar;C:\Users\George\.m2\repository\org\apache\maven\maven-model\3.9.6\maven-model-3.9.6.jar;C:\Users\George\.m2\repository\org\apache\maven\maven-model-builder\3.9.6\maven-model-builder-3.9.6.jar;C:\Users\George\.m2\repository\org\apache\maven\maven-repository-metadata\3.9.6\maven-repository-metadata-3.9.6.jar;C:\Users\George\.m2\repository\org\apache\maven\maven-settings\3.9.6\maven-settings-3.9.6.jar;C:\Users\George\.m2\repository\org\apache\maven\resolver\maven-resolver-api\1.9.18\maven-resolver-api-1.9.18.jar;C:\Users\George\.m2\repository\org\apache\maven\resolver\maven-resolver-impl\1.9.18\maven-resolver-impl-1.9.18.jar;C:\Users\George\.m2\repository\org\apache\maven\resolver\maven-resolver-named-locks\1.9.18\maven-resolver-named-locks-1.9.18.jar;C:\Users\George\.m2\repository\org\apache\maven\resolver\maven-resolver-spi\1.9.18\maven-resolver-spi-1.9.18.jar;C:\Users\George\.m2\repository\org\apache\maven\resolver\maven-resolver-util\1.9.18\maven-resolver-util-1.9.18.jar;C:\Users\George\.m2\repository\org\apache\maven\resolver\maven-resolver-transport-http\1.9.18\maven-resolver-transport-http-1.9.18.jar;C:\Users\George\.m2\repository\org\apache\maven\wagon\wagon-provider-api\3.5.3\wagon-provider-api-3.5.3.jar;C:\Users\George\.m2\repository\org\apache\maven\wagon\wagon-http-shared\3.5.3\wagon-http-shared-3.5.3.jar;C:\Users\George\.m2\repository\org\codehaus\plexus\plexus-interpolation\1.26\plexus-interpolation-1.26.jar;C:\Users\George\.m2\repository\org\codehaus\plexus\plexus-utils\3.5.1\plexus-utils-3.5.1.jar;C:\Users\George\.m2\repository\org\codehaus\plexus\plexus-xml\4.0.0\plexus-xml-4.0.0.jar;C:\Users\George\.m2\repository\org\apache\maven\maven-xml-impl\4.0.0-alpha-5\maven-xml-impl-4.0.0-alpha-5.jar;C:\Users\George\.m2\repository\org\apache\maven\maven-api-xml\4.0.0-alpha-5\maven-api-xml-4.0.0-alpha-5.jar;C:\Users\George\.m2\repository\org\apache\maven\maven-api-meta\4.0.0-alpha-5\maven-api-meta-4.0.0-alpha-5.jar;C:\Users\George\.m2\repository\org\codehaus\plexus\plexus-cipher\2.0\plexus-cipher-2.0.jar;C:\Users\George\.m2\repository\org\codehaus\plexus\plexus-sec-dispatcher\2.0\plexus-sec-dispatcher-2.0.jar;C:\Users\George\.m2\repository\org\apache\maven\maven-embedder\3.9.6\maven-embedder-3.9.6.jar;C:\Users\George\.m2\repository\org\apache\maven\maven-core\3.9.6\maven-core-3.9.6.jar;C:\Users\George\.m2\repository\org\codehaus\plexus\plexus-component-annotations\2.1.0\plexus-component-annotations-2.1.0.jar;C:\Users\George\.m2\repository\org\apache\maven\maven-plugin-api\3.9.6\maven-plugin-api-3.9.6.jar;C:\Users\George\.m2\repository\org\apache\maven\shared\maven-shared-utils\3.3.4\maven-shared-utils-3.3.4.jar;C:\Users\George\.m2\repository\com\google\inject\guice\5.1.0\guice-5.1.0.jar;C:\Users\George\.m2\repository\aopalliance\aopalliance\1.0\aopalliance-1.0.jar;C:\Users\George\.m2\repository\com\google\guava\guava\33.0.0-jre\guava-33.0.0-jre.jar;C:\Users\George\.m2\repository\com\google\guava\failureaccess\1.0.1\failureaccess-1.0.1.jar;C:\Users\George\.m2\repository\org\codehaus\plexus\plexus-classworlds\2.6.0\plexus-classworlds-2.6.0.jar;C:\Users\George\.m2\repository\commons-cli\commons-cli\1.5.0\commons-cli-1.5.0.jar;C:\Users\George\.m2\repository\org\eclipse\sisu\org.eclipse.sisu.plexus\0.9.0.M2\org.eclipse.sisu.plexus-0.9.0.M2.jar;C:\Users\George\.m2\repository\org\apache\maven\maven-settings-builder\3.9.6\maven-settings-builder-3.9.6.jar;C:\Users\George\.m2\repository\org\apache\maven\maven-resolver-provider\3.9.6\maven-resolver-provider-3.9.6.jar;C:\Users\George\.m2\repository\org\apache\maven\resolver\maven-resolver-connector-basic\1.9.18\maven-resolver-connector-basic-1.9.18.jar;C:\Users\George\.m2\repository\org\apache\maven\resolver\maven-resolver-transport-wagon\1.9.18\maven-resolver-transport-wagon-1.9.18.jar;C:\Users\George\.m2\repository\org\apache\maven\wagon\wagon-http\3.5.3\wagon-http-3.5.3.jar;C:\Users\George\.m2\repository\org\apache\maven\wagon\wagon-file\3.5.3\wagon-file-3.5.3.jar;C:\Users\George\.m2\repository\io\fabric8\maven-model-helper\36\maven-model-helper-36.jar;C:\Users\George\.m2\repository\org\jdom\jdom2\2.0.6.1\jdom2-2.0.6.1.jar;C:\Users\George\.m2\repository\io\quarkus\quarkus-bootstrap-gradle-resolver\3.9.3\quarkus-bootstrap-gradle-resolver-3.9.3.jar;C:\Users\George\.m2\repository\io\smallrye\jandex\3.1.6\jandex-3.1.6.jar;C:\Users\George\.m2\repository\commons-io\commons-io\2.15.1\commons-io-2.15.1.jar;C:\Users\George\.m2\repository\org\jboss\logging\commons-logging-jboss-logging\1.0.0.Final\commons-logging-jboss-logging-1.0.0.Final.jar;C:\Users\George\.m2\repository\io\quarkus\quarkus-junit5-properties\3.9.3\quarkus-junit5-properties-3.9.3.jar;C:\Users\George\.m2\repository\org\junit\jupiter\junit-jupiter\5.10.2\junit-jupiter-5.10.2.jar;C:\Users\George\.m2\repository\org\junit\jupiter\junit-jupiter-params\5.10.2\junit-jupiter-params-5.10.2.jar;C:\Users\George\.m2\repository\org\junit\jupiter\junit-jupiter-engine\5.10.2\junit-jupiter-engine-5.10.2.jar;C:\Users\George\.m2\repository\org\junit\platform\junit-platform-engine\1.10.2\junit-platform-engine-1.10.2.jar;C:\Users\George\.m2\repository\io\quarkus\quarkus-core\3.9.3\quarkus-core-3.9.3.jar;C:\Users\George\.m2\repository\jakarta\enterprise\jakarta.enterprise.cdi-api\4.0.1\jakarta.enterprise.cdi-api-4.0.1.jar;C:\Users\George\.m2\repository\jakarta\enterprise\jakarta.enterprise.lang-model\4.0.1\jakarta.enterprise.lang-model-4.0.1.jar;C:\Users\George\.m2\repository\jakarta\inject\jakarta.inject-api\2.0.1\jakarta.inject-api-2.0.1.jar;C:\Users\George\.m2\repository\io\smallrye\common\smallrye-common-os\2.3.0\smallrye-common-os-2.3.0.jar;C:\Users\George\.m2\repository\io\quarkus\quarkus-ide-launcher\3.9.3\quarkus-ide-launcher-3.9.3.jar;C:\Users\George\.m2\repository\io\quarkus\quarkus-development-mode-spi\3.9.3\quarkus-development-mode-spi-3.9.3.jar;C:\Users\George\.m2\repository\io\smallrye\config\smallrye-config\3.7.1\smallrye-config-3.7.1.jar;C:\Users\George\.m2\repository\io\smallrye\config\smallrye-config-core\3.7.1\smallrye-config-core-3.7.1.jar;C:\Users\George\.m2\repository\io\smallrye\common\smallrye-common-classloader\2.3.0\smallrye-common-classloader-2.3.0.jar;C:\Users\George\.m2\repository\io\smallrye\config\smallrye-config-common\3.7.1\smallrye-config-common-3.7.1.jar;C:\Users\George\.m2\repository\org\jboss\logmanager\jboss-logmanager\3.0.4.Final\jboss-logmanager-3.0.4.Final.jar;C:\Users\George\.m2\repository\io\smallrye\common\smallrye-common-constraint\2.3.0\smallrye-common-constraint-2.3.0.jar;C:\Users\George\.m2\repository\io\smallrye\common\smallrye-common-cpu\2.3.0\smallrye-common-cpu-2.3.0.jar;C:\Users\George\.m2\repository\io\smallrye\common\smallrye-common-expression\2.3.0\smallrye-common-expression-2.3.0.jar;C:\Users\George\.m2\repository\io\smallrye\common\smallrye-common-function\2.3.0\smallrye-common-function-2.3.0.jar;C:\Users\George\.m2\repository\io\smallrye\common\smallrye-common-net\2.3.0\smallrye-common-net-2.3.0.jar;C:\Users\George\.m2\repository\io\smallrye\common\smallrye-common-ref\2.3.0\smallrye-common-ref-2.3.0.jar;C:\Users\George\.m2\repository\jakarta\json\jakarta.json-api\2.1.3\jakarta.json-api-2.1.3.jar;C:\Users\George\.m2\repository\org\jboss\logging\jboss-logging-annotations\2.2.1.Final\jboss-logging-annotations-2.2.1.Final.jar;C:\Users\George\.m2\repository\org\jboss\threads\jboss-threads\3.6.1.Final\jboss-threads-3.6.1.Final.jar;C:\Users\George\.m2\repository\org\slf4j\slf4j-api\2.0.6\slf4j-api-2.0.6.jar;C:\Users\George\.m2\repository\org\jboss\slf4j\slf4j-jboss-logmanager\2.0.0.Final\slf4j-jboss-logmanager-2.0.0.Final.jar;C:\Users\George\.m2\repository\org\wildfly\common\wildfly-common\1.7.0.Final\wildfly-common-1.7.0.Final.jar;C:\Users\George\.m2\repository\io\quarkus\quarkus-bootstrap-runner\3.9.3\quarkus-bootstrap-runner-3.9.3.jar;C:\Users\George\.m2\repository\io\quarkus\quarkus-fs-util\0.0.10\quarkus-fs-util-0.0.10.jar;C:\Users\George\.m2\repository\com\thoughtworks\xstream\xstream\1.4.20\xstream-1.4.20.jar;C:\Users\George\.m2\repository\io\github\x-stream\mxparser\1.2.2\mxparser-1.2.2.jar;C:\Users\George\.m2\repository\xmlpull\xmlpull\1.1.3.1\xmlpull-1.1.3.1.jar;C:\Users\George\.m2\repository\io\quarkus\quarkus-smallrye-jwt\3.9.3\quarkus-smallrye-jwt-3.9.3.jar;C:\Users\George\.m2\repository\io\smallrye\smallrye-jwt\4.5.0\smallrye-jwt-4.5.0.jar;C:\Users\George\.m2\repository\org\eclipse\microprofile\config\microprofile-config-api\3.0.3\microprofile-config-api-3.0.3.jar;C:\Users\George\.m2\repository\org\eclipse\microprofile\jwt\microprofile-jwt-auth-api\2.1\microprofile-jwt-auth-api-2.1.jar;C:\Users\George\.m2\repository\org\bitbucket\b_c\jose4j\0.9.6\jose4j-0.9.6.jar;C:\Users\George\.m2\repository\io\smallrye\smallrye-jwt-common\4.5.0\smallrye-jwt-common-4.5.0.jar;C:\Users\George\.m2\repository\jakarta\annotation\jakarta.annotation-api\2.1.1\jakarta.annotation-api-2.1.1.jar;C:\Users\George\.m2\repository\io\quarkus\quarkus-vertx-http\3.9.3\quarkus-vertx-http-3.9.3.jar;C:\Users\George\.m2\repository\io\quarkus\quarkus-security-runtime-spi\3.9.3\quarkus-security-runtime-spi-3.9.3.jar;C:\Users\George\.m2\repository\io\quarkus\quarkus-credentials\3.9.3\quarkus-credentials-3.9.3.jar;C:\Users\George\.m2\repository\io\smallrye\common\smallrye-common-vertx-context\2.3.0\smallrye-common-vertx-context-2.3.0.jar;C:\Users\George\.m2\repository\io\quarkus\security\quarkus-security\2.0.3.Final\quarkus-security-2.0.3.Final.jar;C:\Users\George\.m2\repository\io\quarkus\quarkus-vertx\3.9.3\quarkus-vertx-3.9.3.jar;C:\Users\George\.m2\repository\io\quarkus\quarkus-netty\3.9.3\quarkus-netty-3.9.3.jar;C:\Users\George\.m2\repository\io\netty\netty-codec\4.1.108.Final\netty-codec-4.1.108.Final.jar;C:\Users\George\.m2\repository\com\aayushatharva\brotli4j\brotli4j\1.16.0\brotli4j-1.16.0.jar;C:\Users\George\.m2\repository\com\aayushatharva\brotli4j\service\1.16.0\service-1.16.0.jar;C:\Users\George\.m2\repository\com\aayushatharva\brotli4j\native-windows-x86_64\1.16.0\native-windows-x86_64-1.16.0.jar;C:\Users\George\.m2\repository\io\netty\netty-codec-haproxy\4.1.108.Final\netty-codec-haproxy-4.1.108.Final.jar;C:\Users\George\.m2\repository\io\quarkus\quarkus-vertx-latebound-mdc-provider\3.9.3\quarkus-vertx-latebound-mdc-provider-3.9.3.jar;C:\Users\George\.m2\repository\io\smallrye\smallrye-fault-tolerance-vertx\6.2.6\smallrye-fault-tolerance-vertx-6.2.6.jar;C:\Users\George\.m2\repository\io\smallrye\reactive\smallrye-mutiny-vertx-web\3.11.0\smallrye-mutiny-vertx-web-3.11.0.jar;C:\Users\George\.m2\repository\io\smallrye\reactive\smallrye-mutiny-vertx-web-common\3.11.0\smallrye-mutiny-vertx-web-common-3.11.0.jar;C:\Users\George\.m2\repository\io\smallrye\reactive\smallrye-mutiny-vertx-auth-common\3.11.0\smallrye-mutiny-vertx-auth-common-3.11.0.jar;C:\Users\George\.m2\repository\io\smallrye\reactive\smallrye-mutiny-vertx-bridge-common\3.11.0\smallrye-mutiny-vertx-bridge-common-3.11.0.jar;C:\Users\George\.m2\repository\io\smallrye\reactive\smallrye-mutiny-vertx-uri-template\3.11.0\smallrye-mutiny-vertx-uri-template-3.11.0.jar;C:\Users\George\.m2\repository\io\vertx\vertx-uri-template\4.5.7\vertx-uri-template-4.5.7.jar;C:\Users\George\.m2\repository\io\vertx\vertx-web\4.5.7\vertx-web-4.5.7.jar;C:\Users\George\.m2\repository\io\vertx\vertx-web-common\4.5.7\vertx-web-common-4.5.7.jar;C:\Users\George\.m2\repository\io\vertx\vertx-auth-common\4.5.7\vertx-auth-common-4.5.7.jar;C:\Users\George\.m2\repository\io\vertx\vertx-bridge-common\4.5.7\vertx-bridge-common-4.5.7.jar;C:\Users\George\.m2\repository\io\github\crac\org-crac\0.1.3\org-crac-0.1.3.jar;C:\Users\George\.m2\repository\io\quarkus\quarkus-security\3.9.3\quarkus-security-3.9.3.jar;C:\Users\George\.m2\repository\jakarta\interceptor\jakarta.interceptor-api\2.1.0\jakarta.interceptor-api-2.1.0.jar;C:\Users\George\.m2\repository\io\quarkus\quarkus-smallrye-jwt-build\3.9.3\quarkus-smallrye-jwt-build-3.9.3.jar;C:\Users\George\.m2\repository\io\smallrye\smallrye-jwt-build\4.5.0\smallrye-jwt-build-4.5.0.jar;C:\Users\George\.m2\repository\io\quarkus\quarkus-jsonp\3.9.3\quarkus-jsonp-3.9.3.jar;C:\Users\George\.m2\repository\org\eclipse\parsson\parsson\1.1.5\parsson-1.1.5.jar;C:\Users\George\.m2\repository\com\google\code\findbugs\jsr305\3.0.2\jsr305-3.0.2.jar;C:\Users\George\.m2\repository\com\squareup\okhttp3\logging-interceptor\4.9.1\logging-interceptor-4.9.1.jar;C:\Users\George\.m2\repository\org\jetbrains\kotlin\kotlin-stdlib-jdk8\1.9.23\kotlin-stdlib-jdk8-1.9.23.jar;C:\Users\George\.m2\repository\org\jetbrains\kotlin\kotlin-stdlib-jdk7\1.9.23\kotlin-stdlib-jdk7-1.9.23.jar;C:\Users\George\.m2\repository\javax\annotation\javax.annotation-api\1.3.2\javax.annotation-api-1.3.2.jar;C:\Users\George\.m2\repository\com\squareup\okhttp3\okhttp\4.9.1\okhttp-4.9.1.jar;C:\Users\George\.m2\repository\org\jetbrains\kotlin\kotlin-stdlib\1.9.23\kotlin-stdlib-1.9.23.jar;C:\Users\George\.m2\repository\org\jetbrains\annotations\24.1.0\annotations-24.1.0.jar;C:\Users\George\.m2\repository\javax\ws\rs\javax.ws.rs-api\2.1.1\javax.ws.rs-api-2.1.1.jar;C:\Users\George\.m2\repository\com\google\code\gson\gson\2.8.9\gson-2.8.9.jar;C:\Users\George\.m2\repository\io\gsonfire\gson-fire\1.8.5\gson-fire-1.8.5.jar;C:\Users\George\.m2\repository\com\squareup\okio\okio\2.10.0\okio-2.10.0.jar;C:\Users\George\.m2\repository\org\jetbrains\kotlin\kotlin-stdlib-common\1.9.23\kotlin-stdlib-common-1.9.23.jar;C:\Users\George\.m2\repository\javax\validation\validation-api\2.0.1.Final\validation-api-2.0.1.Final.jar;C:\Users\George\.m2\repository\jakarta\validation\jakarta.validation-api\3.0.2\jakarta.validation-api-3.0.2.jar;C:\Users\George\.m2\repository\io\quarkus\quarkus-hibernate-validator\3.9.3\quarkus-hibernate-validator-3.9.3.jar;C:\Users\George\.m2\repository\org\glassfish\expressly\expressly\5.0.0\expressly-5.0.0.jar;C:\Users\George\.m2\repository\jakarta\el\jakarta.el-api\5.0.1\jakarta.el-api-5.0.1.jar;C:\Users\George\.m2\repository\io\smallrye\config\smallrye-config-validator\3.7.1\smallrye-config-validator-3.7.1.jar;C:\Users\George\.m2\repository\jakarta\ws\rs\jakarta.ws.rs-api\3.1.0\jakarta.ws.rs-api-3.1.0.jar;C:\Users\George\.m2\repository\org\hibernate\validator\hibernate-validator\8.0.1.Final\hibernate-validator-8.0.1.Final.jar;C:\Users\George\.m2\repository\org\jboss\logging\jboss-logging\3.5.3.Final\jboss-logging-3.5.3.Final.jar;C:\Users\George\.m2\repository\com\fasterxml\classmate\1.7.0\classmate-1.7.0.jar;C:\Users\George\.m2\repository\io\quarkus\quarkus-smallrye-openapi\3.9.3\quarkus-smallrye-openapi-3.9.3.jar;C:\Users\George\.m2\repository\io\smallrye\smallrye-open-api-core\3.10.0\smallrye-open-api-core-3.10.0.jar;C:\Users\George\.m2\repository\org\eclipse\microprofile\openapi\microprofile-openapi-api\3.1.1\microprofile-openapi-api-3.1.1.jar;C:\Users\George\.m2\repository\com\fasterxml\jackson\core\jackson-core\2.17.0\jackson-core-2.17.0.jar;C:\Users\George\.m2\repository\com\fasterxml\jackson\core\jackson-databind\2.17.0\jackson-databind-2.17.0.jar;C:\Users\George\.m2\repository\com\fasterxml\jackson\core\jackson-annotations\2.17.0\jackson-annotations-2.17.0.jar;C:\Users\George\.m2\repository\com\fasterxml\jackson\dataformat\jackson-dataformat-yaml\2.17.0\jackson-dataformat-yaml-2.17.0.jar;C:\Users\George\.m2\repository\org\yaml\snakeyaml\2.2\snakeyaml-2.2.jar;C:\Users\George\.m2\repository\io\quarkus\quarkus-swagger-ui\3.9.3\quarkus-swagger-ui-3.9.3.jar;C:\Users\George\.m2\repository\io\quarkus\quarkus-mongodb-panache\3.9.3\quarkus-mongodb-panache-3.9.3.jar;C:\Users\George\.m2\repository\io\quarkus\quarkus-panache-common\3.9.3\quarkus-panache-common-3.9.3.jar;C:\Users\George\.m2\repository\io\quarkus\quarkus-mongodb-panache-common\3.9.3\quarkus-mongodb-panache-common-3.9.3.jar;C:\Users\George\.m2\repository\io\quarkus\quarkus-mongodb-client\3.9.3\quarkus-mongodb-client-3.9.3.jar;C:\Users\George\.m2\repository\io\smallrye\reactive\mutiny-zero-flow-adapters\1.0.0\mutiny-zero-flow-adapters-1.0.0.jar;C:\Users\George\.m2\repository\io\quarkus\quarkus-mutiny-reactive-streams-operators\3.9.3\quarkus-mutiny-reactive-streams-operators-3.9.3.jar;C:\Users\George\.m2\repository\org\eclipse\microprofile\reactive-streams-operators\microprofile-reactive-streams-operators-api\3.0\microprofile-reactive-streams-operators-api-3.0.jar;C:\Users\George\.m2\repository\org\eclipse\microprofile\reactive-streams-operators\microprofile-reactive-streams-operators-core\3.0\microprofile-reactive-streams-operators-core-3.0.jar;C:\Users\George\.m2\repository\io\smallrye\reactive\mutiny-reactive-streams-operators\2.5.8\mutiny-reactive-streams-operators-2.5.8.jar;C:\Users\George\.m2\repository\org\mongodb\mongodb-driver-sync\4.11.1\mongodb-driver-sync-4.11.1.jar;C:\Users\George\.m2\repository\org\mongodb\bson\4.11.1\bson-4.11.1.jar;C:\Users\George\.m2\repository\org\mongodb\mongodb-driver-core\4.11.1\mongodb-driver-core-4.11.1.jar;C:\Users\George\.m2\repository\org\mongodb\bson-record-codec\4.11.1\bson-record-codec-4.11.1.jar;C:\Users\George\.m2\repository\org\mongodb\mongodb-driver-reactivestreams\4.11.1\mongodb-driver-reactivestreams-4.11.1.jar;C:\Users\George\.m2\repository\io\projectreactor\reactor-core\3.5.0\reactor-core-3.5.0.jar;C:\Users\George\.m2\repository\org\mongodb\mongodb-crypt\1.8.0\mongodb-crypt-1.8.0.jar;C:\Users\George\.m2\repository\net\java\dev\jna\jna\5.8.0\jna-5.8.0.jar;C:\Users\George\.m2\repository\io\quarkus\quarkus-panacheql\3.9.3\quarkus-panacheql-3.9.3.jar;C:\Users\George\.m2\repository\org\antlr\antlr4-runtime\4.13.0\antlr4-runtime-4.13.0.jar;C:\Users\George\.m2\repository\io\quarkus\quarkus-narayana-jta\3.9.3\quarkus-narayana-jta-3.9.3.jar;C:\Users\George\.m2\repository\io\quarkus\quarkus-transaction-annotations\3.9.3\quarkus-transaction-annotations-3.9.3.jar;C:\Users\George\.m2\repository\io\quarkus\quarkus-datasource-common\3.9.3\quarkus-datasource-common-3.9.3.jar;C:\Users\George\.m2\repository\io\smallrye\smallrye-context-propagation-jta\2.1.0\smallrye-context-propagation-jta-2.1.0.jar;C:\Users\George\.m2\repository\io\smallrye\reactive\smallrye-reactive-converter-api\3.0.1\smallrye-reactive-converter-api-3.0.1.jar;C:\Users\George\.m2\repository\io\smallrye\reactive\smallrye-reactive-converter-mutiny\3.0.1\smallrye-reactive-converter-mutiny-3.0.1.jar;C:\Users\George\.m2\repository\org\jboss\narayana\jta\narayana-jta\7.0.1.Final\narayana-jta-7.0.1.Final.jar;C:\Users\George\.m2\repository\org\jboss\jboss-transaction-spi\8.0.0.Final\jboss-transaction-spi-8.0.0.Final.jar;C:\Users\George\.m2\repository\jakarta\resource\jakarta.resource-api\2.1.0\jakarta.resource-api-2.1.0.jar;C:\Users\George\.m2\repository\org\jboss\invocation\jboss-invocation\2.0.0.Final\jboss-invocation-2.0.0.Final.jar;C:\Users\George\.m2\repository\org\jboss\narayana\jts\narayana-jts-integration\7.0.1.Final\narayana-jts-integration-7.0.1.Final.jar;C:\Users\George\.m2\repository\io\quarkus\quarkus-arc\3.9.3\quarkus-arc-3.9.3.jar;C:\Users\George\.m2\repository\io\quarkus\arc\arc\3.9.3\arc-3.9.3.jar;C:\Users\George\.m2\repository\jakarta\transaction\jakarta.transaction-api\2.0.1\jakarta.transaction-api-2.0.1.jar;C:\Users\George\.m2\repository\org\eclipse\microprofile\context-propagation\microprofile-context-propagation-api\1.3\microprofile-context-propagation-api-1.3.jar;C:\Users\George\.m2\repository\io\quarkus\quarkus-rest\3.9.3\quarkus-rest-3.9.3.jar;C:\Users\George\.m2\repository\io\quarkus\quarkus-rest-common\3.9.3\quarkus-rest-common-3.9.3.jar;C:\Users\George\.m2\repository\io\quarkus\resteasy\reactive\resteasy-reactive-common\3.9.3\resteasy-reactive-common-3.9.3.jar;C:\Users\George\.m2\repository\io\quarkus\resteasy\reactive\resteasy-reactive-common-types\3.9.3\resteasy-reactive-common-types-3.9.3.jar;C:\Users\George\.m2\repository\org\reactivestreams\reactive-streams\1.0.4\reactive-streams-1.0.4.jar;C:\Users\George\.m2\repository\io\quarkus\resteasy\reactive\resteasy-reactive-vertx\3.9.3\resteasy-reactive-vertx-3.9.3.jar;C:\Users\George\.m2\repository\io\smallrye\reactive\smallrye-mutiny-vertx-core\3.11.0\smallrye-mutiny-vertx-core-3.11.0.jar;C:\Users\George\.m2\repository\io\smallrye\reactive\smallrye-mutiny-vertx-runtime\3.11.0\smallrye-mutiny-vertx-runtime-3.11.0.jar;C:\Users\George\.m2\repository\io\smallrye\reactive\vertx-mutiny-generator\3.11.0\vertx-mutiny-generator-3.11.0.jar;C:\Users\George\.m2\repository\io\vertx\vertx-codegen\4.5.7\vertx-codegen-4.5.7.jar;C:\Users\George\.m2\repository\io\quarkus\resteasy\reactive\resteasy-reactive\3.9.3\resteasy-reactive-3.9.3.jar;C:\Users\George\.m2\repository\jakarta\xml\bind\jakarta.xml.bind-api\4.0.2\jakarta.xml.bind-api-4.0.2.jar;C:\Users\George\.m2\repository\jakarta\activation\jakarta.activation-api\2.1.3\jakarta.activation-api-2.1.3.jar;C:\Users\George\.m2\repository\io\quarkus\quarkus-virtual-threads\3.9.3\quarkus-virtual-threads-3.9.3.jar;C:\Users\George\.m2\repository\io\vertx\vertx-core\4.5.7\vertx-core-4.5.7.jar;C:\Users\George\.m2\repository\io\netty\netty-common\4.1.108.Final\netty-common-4.1.108.Final.jar;C:\Users\George\.m2\repository\io\netty\netty-buffer\4.1.108.Final\netty-buffer-4.1.108.Final.jar;C:\Users\George\.m2\repository\io\netty\netty-transport\4.1.108.Final\netty-transport-4.1.108.Final.jar;C:\Users\George\.m2\repository\io\netty\netty-handler\4.1.108.Final\netty-handler-4.1.108.Final.jar;C:\Users\George\.m2\repository\io\netty\netty-transport-native-unix-common\4.1.108.Final\netty-transport-native-unix-common-4.1.108.Final.jar;C:\Users\George\.m2\repository\io\netty\netty-handler-proxy\4.1.108.Final\netty-handler-proxy-4.1.108.Final.jar;C:\Users\George\.m2\repository\io\netty\netty-codec-socks\4.1.108.Final\netty-codec-socks-4.1.108.Final.jar;C:\Users\George\.m2\repository\io\netty\netty-codec-http\4.1.108.Final\netty-codec-http-4.1.108.Final.jar;C:\Users\George\.m2\repository\io\netty\netty-codec-http2\4.1.108.Final\netty-codec-http2-4.1.108.Final.jar;C:\Users\George\.m2\repository\io\netty\netty-resolver\4.1.108.Final\netty-resolver-4.1.108.Final.jar;C:\Users\George\.m2\repository\io\netty\netty-resolver-dns\4.1.108.Final\netty-resolver-dns-4.1.108.Final.jar;C:\Users\George\.m2\repository\io\netty\netty-codec-dns\4.1.108.Final\netty-codec-dns-4.1.108.Final.jar;C:\Users\George\.m2\repository\io\rest-assured\rest-assured\5.4.0\rest-assured-5.4.0.jar;C:\Users\George\.m2\repository\org\apache\groovy\groovy\4.0.16\groovy-4.0.16.jar;C:\Users\George\.m2\repository\org\apache\groovy\groovy-xml\4.0.16\groovy-xml-4.0.16.jar;C:\Users\George\.m2\repository\org\apache\httpcomponents\httpclient\4.5.14\httpclient-4.5.14.jar;C:\Users\George\.m2\repository\org\apache\httpcomponents\httpcore\4.4.16\httpcore-4.4.16.jar;C:\Users\George\.m2\repository\commons-codec\commons-codec\1.16.1\commons-codec-1.16.1.jar;C:\Users\George\.m2\repository\org\apache\httpcomponents\httpmime\4.5.14\httpmime-4.5.14.jar;C:\Users\George\.m2\repository\org\hamcrest\hamcrest\2.2\hamcrest-2.2.jar;C:\Users\George\.m2\repository\org\ccil\cowan\tagsoup\tagsoup\1.2.1\tagsoup-1.2.1.jar;C:\Users\George\.m2\repository\io\rest-assured\json-path\5.4.0\json-path-5.4.0.jar;C:\Users\George\.m2\repository\org\apache\groovy\groovy-json\4.0.16\groovy-json-4.0.16.jar;C:\Users\George\.m2\repository\io\rest-assured\rest-assured-common\5.4.0\rest-assured-common-5.4.0.jar;C:\Users\George\.m2\repository\io\rest-assured\xml-path\5.4.0\xml-path-5.4.0.jar;C:\Users\George\.m2\repository\org\apache\commons\commons-lang3\3.14.0\commons-lang3-3.14.0.jar;C:\Users\George\.m2\repository\io\quarkus\quarkus-rest-jackson\3.9.3\quarkus-rest-jackson-3.9.3.jar;C:\Users\George\.m2\repository\io\quarkus\quarkus-rest-jackson-common\3.9.3\quarkus-rest-jackson-common-3.9.3.jar;C:\Users\George\.m2\repository\io\quarkus\resteasy\reactive\resteasy-reactive-jackson\3.9.3\resteasy-reactive-jackson-3.9.3.jar;C:\Users\George\.m2\repository\io\quarkus\quarkus-jackson\3.9.3\quarkus-jackson-3.9.3.jar;C:\Users\George\.m2\repository\com\fasterxml\jackson\datatype\jackson-datatype-jsr310\2.17.0\jackson-datatype-jsr310-2.17.0.jar;C:\Users\George\.m2\repository\com\fasterxml\jackson\datatype\jackson-datatype-jdk8\2.17.0\jackson-datatype-jdk8-2.17.0.jar;C:\Users\George\.m2\repository\com\fasterxml\jackson\module\jackson-module-parameter-names\2.17.0\jackson-module-parameter-names-2.17.0.jar;C:\Users\George\.m2\repository\org\projectlombok\lombok\1.18.20\lombok-1.18.20.jar;"/>
    <property name="sun.cpu.endian" value="little"/>
    <property name="user.home" value="C:\Users\George"/>
    <property name="user.language" value="es"/>
    <property name="java.specification.vendor" value="Oracle Corporation"/>
    <property name="java.version.date" value="2023-04-18"/>
    <property name="java.home" value="C:\Users\George\.jdks\corretto-17.0.7"/>
    <property name="file.separator" value="\"/>
    <property name="basedir" value="E:\ecommerce-store\apis\store-backend-user"/>
    <property name="java.vm.compressedOopsMode" value="Zero based"/>
    <property name="line.separator" value="&#10;"/>
    <property name="java.vm.specification.vendor" value="Oracle Corporation"/>
    <property name="java.specification.name" value="Java Platform API Specification"/>
    <property name="surefire.real.class.path" value="C:\Users\George\AppData\Local\Temp\surefire5764485327882574318\surefirebooter-20240710213526355_3.jar"/>
    <property name="user.script" value=""/>
    <property name="sun.management.compiler" value="HotSpot 64-Bit Tiered Compilers"/>
    <property name="java.runtime.version" value="17.0.7+7-LTS"/>
    <property name="user.name" value="George"/>
    <property name="path.separator" value=";"/>
    <property name="os.version" value="10.0"/>
    <property name="java.runtime.name" value="OpenJDK Runtime Environment"/>
    <property name="file.encoding" value="Cp1252"/>
    <property name="java.vm.name" value="OpenJDK 64-Bit Server VM"/>
    <property name="java.vendor.version" value="Corretto-17.0.7.7.1"/>
    <property name="localRepository" value="C:\Users\George\.m2\repository"/>
    <property name="java.vendor.url.bug" value="https://github.com/corretto/corretto-17/issues/"/>
    <property name="java.io.tmpdir" value="C:\Users\George\AppData\Local\Temp\"/>
    <property name="idea.version" value="2024.1.3"/>
    <property name="java.version" value="17.0.7"/>
    <property name="user.dir" value="E:\ecommerce-store\apis\store-backend-user"/>
    <property name="os.arch" value="amd64"/>
    <property name="java.vm.specification.name" value="Java Virtual Machine Specification"/>
    <property name="sun.os.patch.level" value=""/>
    <property name="native.encoding" value="Cp1252"/>
    <property name="java.util.logging.manager" value="org.jboss.logmanager.LogManager"/>
    <property name="java.library.path" value="C:\Users\George\.jdks\corretto-17.0.7\bin;C:\WINDOWS\Sun\Java\bin;C:\WINDOWS\system32;C:\WINDOWS;C:\Program Files\Microsoft MPI\Bin\;C:\Program Files\Common Files\Oracle\Java\javapath;C:\Program Files (x86)\Common Files\Oracle\Java\javapath;C:\WINDOWS\system32;C:\WINDOWS;C:\WINDOWS\System32\Wbem;C:\WINDOWS\System32\WindowsPowerShell\v1.0\;C:\Program Files\Git\cmd;C:\WINDOWS\System32\OpenSSH\;C:\laragon\bin\php\php-7.4.19-Win32-vc15-x64;E:\flutter_windows_3.3.2-stable\flutter\bin\cache\dart-sdk;C:\Users\George\AppData\Local\Pub\Cache\bin;C:\xampp\php;C:\ProgramData\ComposerSetup\bin;C:\Program Files\Microsoft SQL Server\Client SDK\ODBC\170\Tools\Binn\;C:\Program Files (x86)\Microsoft SQL Server\160\Tools\Binn\;C:\Program Files\Microsoft SQL Server\160\Tools\Binn\;C:\Program Files\Microsoft SQL Server\160\DTS\Binn\;C:\Program Files\Microsoft SQL Server\150\Tools\Binn\;C:\Program Files\Docker\Docker\resources\bin;C:\Program Files\TortoiseSVN\bin;C:\Program Files\PuTTY\;C:\Program Files (x86)\Microsoft SQL Server\160\DTS\Binn\;C:\Program Files\Azure Data Studio\bin;C:\Program Files\dotnet\;%NVM_HOME%;%NVM_SYMLINK%;C:\Users\George\AppData\Local\Microsoft\WindowsApps;C:\Users\George\AppData\Local\Programs\Microsoft VS Code\bin;E:\programs\jetbrains\IntelliJ IDEA Community Edition 2023.2.5\bin;;E:\flutter_windows_3.3.2-stable\flutter\bin;C:\Users\George\AppData\Local\Pub\Cache\bin;C:\Users\George\AppData\Roaming\Composer\vendor\bin;C:\Program Files\Azure Data Studio\bin;E:\src\flutter\bin;C:\Program Files\Azure Data Studio\bin;C:\Users\George\.dotnet\tools;C:\Users\George\AppData\Roaming\npm;C:\Users\George\AppData\Roaming\nvm;C:\Program Files\nodejs;."/>
    <property name="java.vm.info" value="mixed mode, sharing"/>
    <property name="java.vendor" value="Amazon.com Inc."/>
    <property name="java.vm.version" value="17.0.7+7-LTS"/>
    <property name="sun.io.unicode.encoding" value="UnicodeLittle"/>
    <property name="java.class.version" value="61.0"/>
  </properties>
  <testcase name="givenUsersWhenRetrievingUsersThenShouldReturnUserList" classname="org.quarkus.business.service.impl.UserImplTest" time="1.064">
    <system-out><![CDATA[2024-07-10 21:35:27,482 DEBUG [org.jbo.logging] (ForkJoinPool.commonPool-worker-1) Logging Provider: org.jboss.logging.JBossLogManagerProvider
2024-07-10 21:35:27,494 DEBUG [io.sma.config] (ForkJoinPool.commonPool-worker-1) SRCFG01006: Loaded ConfigSource SysPropConfigSource with ordinal 400
2024-07-10 21:35:27,494 DEBUG [io.sma.config] (ForkJoinPool.commonPool-worker-1) SRCFG01006: Loaded ConfigSource EnvConfigSource with ordinal 300
2024-07-10 21:35:27,494 DEBUG [io.sma.config] (ForkJoinPool.commonPool-worker-1) SRCFG01006: Loaded ConfigSource PropertiesConfigSource[source=file:/E:/ecommerce-store/apis/store-backend-user/target/classes/application.properties] with ordinal 250
2024-07-10 21:35:27,494 DEBUG [io.sma.config] (ForkJoinPool.commonPool-worker-1) SRCFG01006: Loaded ConfigSource test URL provider with ordinal -2147482648
2024-07-10 21:35:27,494 DEBUG [io.sma.config] (ForkJoinPool.commonPool-worker-1) SRCFG01006: Loaded ConfigSource DefaultValuesConfigSource with ordinal -2147483648
2024-07-10 21:35:28,630 DEBUG [io.sma.config] (main) SRCFG01006: Loaded ConfigSource SysPropConfigSource with ordinal 400
2024-07-10 21:35:28,630 DEBUG [io.sma.config] (main) SRCFG01006: Loaded ConfigSource EnvConfigSource with ordinal 300
2024-07-10 21:35:28,630 DEBUG [io.sma.config] (main) SRCFG01006: Loaded ConfigSource PropertiesConfigSource[source=file:/E:/ecommerce-store/apis/store-backend-user/target/classes/application.properties] with ordinal 250
2024-07-10 21:35:28,630 DEBUG [io.sma.config] (main) SRCFG01006: Loaded ConfigSource test URL provider with ordinal -2147482648
2024-07-10 21:35:28,631 DEBUG [io.sma.config] (main) SRCFG01006: Loaded ConfigSource DefaultValuesConfigSource with ordinal -2147483648
]]></system-out>
  </testcase>
  <testcase name="givenNoUsersWhenRetrievingUsersThenShouldReturnEmptyList" classname="org.quarkus.business.service.impl.UserImplTest" time="0.003"/>
  <testcase name="givenExceptionWhenRetrievingUsersThenShouldThrowException" classname="org.quarkus.business.service.impl.UserImplTest" time="0.004"/>
</testsuite>